2018-10-12T02:52:22.318+0000 I CONTROL  [initandlisten] MongoDB starting : pid=18670 port=27017 dbpath=/var/lib/mongodb 64-bit host=wharf.hrbr.io
2018-10-12T02:52:22.318+0000 I CONTROL  [initandlisten] db version v3.6.3
2018-10-12T02:52:22.318+0000 I CONTROL  [initandlisten] git version: 9586e557d54ef70f9ca4b43c26892cd55257e1a5
2018-10-12T02:52:22.318+0000 I CONTROL  [initandlisten] OpenSSL version: OpenSSL 1.1.0g  2 Nov 2017
2018-10-12T02:52:22.318+0000 I CONTROL  [initandlisten] allocator: tcmalloc
2018-10-12T02:52:22.318+0000 I CONTROL  [initandlisten] modules: none
2018-10-12T02:52:22.318+0000 I CONTROL  [initandlisten] build environment:
2018-10-12T02:52:22.318+0000 I CONTROL  [initandlisten]     distarch: x86_64
2018-10-12T02:52:22.318+0000 I CONTROL  [initandlisten]     target_arch: x86_64
2018-10-12T02:52:22.318+0000 I CONTROL  [initandlisten] options: { config: "/etc/mongodb.conf", net: { bindIp: "127.0.0.1", unixDomainSocket: { pathPrefix: "/run/mongodb" } }, storage: { dbPath: "/var/lib/mongodb", journal: { enabled: true } }, systemLog: { destination: "file", logAppend: true, path: "/var/log/mongodb/mongodb.log" } }
2018-10-12T02:52:22.318+0000 I STORAGE  [initandlisten]
2018-10-12T02:52:22.318+0000 I STORAGE  [initandlisten] ** WARNING: Using the XFS filesystem is strongly recommended with the WiredTiger storage engine
2018-10-12T02:52:22.318+0000 I STORAGE  [initandlisten] **          See http://dochub.mongodb.org/core/prodnotes-filesystem
2018-10-12T02:52:22.319+0000 I STORAGE  [initandlisten] wiredtiger_open config: create,cache_size=1460M,session_max=20000,eviction=(threads_min=4,threads_max=4),config_base=false,statistics=(fast),log=(enabled=true,archive=true,path=journal,compressor=snappy),file_manager=(close_idle_time=100000),statistics_log=(wait=0),verbose=(recovery_progress),
2018-10-12T02:52:23.674+0000 I CONTROL  [initandlisten]
2018-10-12T02:52:23.674+0000 I CONTROL  [initandlisten] ** WARNING: Access control is not enabled for the database.
2018-10-12T02:52:23.674+0000 I CONTROL  [initandlisten] **          Read and write access to data and configuration is unrestricted.
2018-10-12T02:52:23.674+0000 I CONTROL  [initandlisten]
2018-10-12T02:52:23.675+0000 I STORAGE  [initandlisten] createCollection: admin.system.version with provided UUID: 504af8a1-2b2f-4934-977b-4f46e725b0c7
2018-10-12T02:52:23.698+0000 I COMMAND  [initandlisten] setting featureCompatibilityVersion to 3.6
2018-10-12T02:52:23.706+0000 I STORAGE  [initandlisten] createCollection: local.startup_log with generated UUID: ed4a1845-f25b-4786-837c-af27a11b2ea7
2018-10-12T02:52:23.714+0000 I FTDC     [initandlisten] Initializing full-time diagnostic data capture with directory '/var/lib/mongodb/diagnostic.data'
2018-10-12T02:52:23.715+0000 I NETWORK  [initandlisten] waiting for connections on port 27017
2018-10-12T02:55:44.626+0000 I CONTROL  [signalProcessingThread] got signal 15 (Terminated), will terminate after current cmd ends
2018-10-12T02:55:44.626+0000 I NETWORK  [signalProcessingThread] shutdown: going to close listening sockets...
2018-10-12T02:55:44.626+0000 I NETWORK  [signalProcessingThread] removing socket file: /run/mongodb/mongodb-27017.sock
2018-10-12T02:55:44.627+0000 I FTDC     [signalProcessingThread] Shutting down full-time diagnostic data capture
2018-10-12T02:55:44.630+0000 I STORAGE  [signalProcessingThread] WiredTigerKVEngine shutting down
2018-10-12T02:55:44.713+0000 I STORAGE  [signalProcessingThread] shutdown: removing fs lock...
2018-10-12T02:55:44.713+0000 I CONTROL  [signalProcessingThread] now exiting
2018-10-12T02:55:44.713+0000 I CONTROL  [signalProcessingThread] shutting down with code:0
